<?xml version="1.0" encoding="UTF-8"?>
<!-- Generated by org.testng.reporters.JUnitReportReporter -->
<testsuite hostname="DESKTOP-BEMS6M1" failures="0" tests="1" name="PetStoreCRUDTest" time="11.934" errors="0" timestamp="2024-02-16T17:29:04 IST" skipped="0">
  <testcase classname="PetStoreCRUDTest" name="testCRUDOperations" time="11.934"/>
  <system-out/>
</testsuite> <!-- PetStoreCRUDTest -->
