<?xml version="1.0" encoding="UTF-8"?>
<!-- Generated by org.testng.reporters.JUnitReportReporter -->
<testsuite hostname="DESKTOP-BEMS6M1" failures="0" tests="1" name="JLRTest" time="4.508" errors="0" timestamp="2024-02-16T16:06:51 IST" skipped="0">
  <testcase classname="JLRTest" name="getPetID" time="4.508"/>
  <system-out/>
</testsuite> <!-- JLRTest -->
